intermediates/manifest_merge_blame_file/debug/manifest-merger-blame-debug-report.txt
1<?xml version="1.0" encoding="utf-8"?>
2<manifest xmlns:android="http://schemas.android.com/apk/res/android"
3    package="flutter.plugins.contactsservice.contactsservice" >
4
5    <uses-sdk
6        android:minSdkVersion="16"
6-->src\main\AndroidManifest.xml
7        android:targetSdkVersion="30" />
7-->src\main\AndroidManifest.xml
8
9    <queries>
9-->src\main\AndroidManifest.xml:3:5-13:15
10        <intent>
10-->src\main\AndroidManifest.xml:4:9-6:18
11            <action android:name="android.accounts.AccountAuthenticator" />
11-->src\main\AndroidManifest.xml:5:13-76
11-->src\main\AndroidManifest.xml:5:21-73
12        </intent>
13        <!-- Allows the app to load an icon corresponding to the custom MIME type. -->
14        <intent>
14-->src\main\AndroidManifest.xml:8:9-12:18
15            <action android:name="android.intent.action.VIEW" />
15-->src\main\AndroidManifest.xml:9:13-65
15-->src\main\AndroidManifest.xml:9:21-62
16
17            <data
17-->src\main\AndroidManifest.xml:10:13-11:64
18                android:host="com.android.contacts"
18-->src\main\AndroidManifest.xml:10:44-79
19                android:mimeType="vnd.android.cursor.item/*"
19-->src\main\AndroidManifest.xml:11:17-61
20                android:scheme="content" />
20-->src\main\AndroidManifest.xml:10:19-43
21        </intent>
22    </queries>
23
24</manifest>